<?xml version="1.0" encoding="UTF-8"?>
<testng-results ignored="0" total="1" passed="1" failed="0" skipped="0">
  <reporter-output>
  </reporter-output>
  <suite started-at="2023-05-19T14:10:56Z" name="SmokeTest" finished-at="2023-05-19T14:11:13Z" duration-ms="16630">
    <groups>
      <group name="gridTable">
        <method signature="SmokeTest.gridTable()[pri:0, instance:auto.SmokeTest@24313fcc]" name="gridTable" class="auto.SmokeTest"/>
      </group> <!-- gridTable -->
    </groups>
    <test started-at="2023-05-19T14:10:56Z" name="Test 1" finished-at="2023-05-19T14:11:13Z" duration-ms="16630">
      <class name="auto.SmokeTest">
        <test-method is-config="true" signature="initializeDriver()[pri:0, instance:auto.SmokeTest@24313fcc]" started-at="2023-05-19T19:40:56Z" name="initializeDriver" finished-at="2023-05-19T19:41:13Z" duration-ms="16483" status="PASS">
          <reporter-output>
          </reporter-output>
        </test-method> <!-- initializeDriver -->
        <test-method signature="gridTable()[pri:0, instance:auto.SmokeTest@24313fcc]" started-at="2023-05-19T19:41:13Z" name="gridTable" finished-at="2023-05-19T19:41:13Z" duration-ms="111" status="PASS">
          <reporter-output>
          </reporter-output>
        </test-method> <!-- gridTable -->
      </class> <!-- auto.SmokeTest -->
    </test> <!-- Test 1 -->
  </suite> <!-- SmokeTest -->
</testng-results>
